41.39556685526365 -10.986852830969088
41.741160550686445 -10.986852830969088
42.08963945849762 -10.986852830969088
42.441027666088374 -10.93270082483995
42.79534946194509 -10.93270082483995
43.152629337328236 -10.878548818710811
43.512891987965205 -10.824396812581673
43.87616231575734 -10.770244806452535
44.24246543050123 -10.661940794194258
44.6118266516243 -10.60778878806512
44.984271509934885 -10.553636781935982
45.35982574938707 -10.499484775806845
45.738515328860004 -10.445332769677707
46.1203664239524 -10.33702875741943
46.50540542879162 -10.282876751290292
46.893658957858285 -10.228724745161154
47.285153847825725 -10.174572739032016
47.679917159415126 -10.120420732902877
48.07797617926594 -10.012116720644602
48.479358421821914 -9.957964714515464
48.88409163123301 -9.903812708386326
49.29220378327315 -9.849660702257188
49.7037230872739 -9.79550869612805
50.118677988074275 -9.687204683869773
50.53709716798704 -9.633052677740634
50.95900954878111 -9.578900671611498
51.384444293680836 -9.52474866548236
51.81343080938163 -9.470596659353221
52.24599874808278 -9.416444653224083
52.682178009536905 -9.362292647094945
53.12199874311676 -9.253988634836668
53.565491349899226 -9.19983662870753
54.012686484766526 -9.145684622578392
54.46361505852538 -9.091532616449255
54.91830824004334 -9.037380610320117
55.37679745840347 -8.92907659806184
55.83911440507658 -8.874924591932702
56.30529103611195 -8.820772585803564
56.77535957434603 -8.766620579674425
57.24935251162984 -8.712468573545287
57.72730261107486 -8.60416456128701
58.209242909317524 -8.550012555157874
58.695206718802986 -8.495860549028736
59.18522763008748 -8.441708542899597
59.67933951416041 -8.333404530641321
60.17757652478529 -8.279252524512183
60.67997310086078 -8.225100518383044
61.18656396880088 -8.170948512253908
61.69738414493554 -8.062644499995631
62.21246893793087 -8.008492493866493
62.73185395122971 -7.954340487737355
63.25557508551275 -7.900188481608216
63.783668541179864 -7.846036475479078
64.31617082085249 -7.737732463220802
64.8531187318966 -7.737732463220802
65.39454938896706 -7.629428450962526
65.9405002165728 -7.5752764448333885
66.49100895166393 -7.52112443870425
67.04611364624003 -7.412820426445974
67.60585266998027 -7.358668420316835
68.17026471289584 -7.304516414187697
68.73938878800395 -7.25036440805856
69.3132642340248 -7.1962124019294205
69.8919307181004 -7.142060395800283
70.47542823853672 -7.087908389671146
71.06379712756815 -6.979604377412869
71.65707805414566 -6.925452371283731
72.25531202674752 -6.8713003651545925
72.85854039621422 -6.762996352896317
73.46680485860641 -6.762996352896317
74.08014745808724 -6.65469234063804
74.69861058982836 -6.600540334508903
75.32223700294034 -6.546388328379765
75.95106980342771 -6.492236322250626
76.58515245716825 -6.438084316121488
77.22452879291772 -6.329780303863211
77.86924300533907 -6.275628297734074
78.51933965805755 -6.221476291604936
79.17486368674066 -6.1673242854757975
79.83586040220455 -6.11317227934666
80.50237549354573 -6.0048682670883835
81.17445503129915 -5.950716260959245
81.85214547062286 -5.896564254830107
82.53549365450883 -5.788260242571831
83.22454681702106 -5.788260242571831
83.9193525865602 -5.679956230313555
84.61995898915593 -5.625804224184417
85.3264144517864 -5.571652218055279
86.0387678057258 -5.463348205797002
86.75706828991935 -5.409196199667864
87.4813655543871 -5.355044193538727
88.21170966365561 -5.3008921874095885
88.94815110021844 -5.24674018128045
89.69074076802585 -5.192588175151312
90.43952999600296 -5.1384361690221745
91.19457054159813 -5.030132156763898
91.95591459436004 -4.97598015063476
92.72361477954561 -4.921828144505622
93.49772416175706 -4.813524132247346
94.27829624861022 -4.813524132247346
95.06538499443269 -4.70522011998907
95.8590448039936 -4.651068113859931
96.65933053626397 -4.596916107730793
97.46629750820847 -4.542764101601655
98.28000149860947 -4.488612095472517
99.10049875192202 -4.38030808321424
99.92784598216204 -4.326156077085103
100.76210037682614 -4.272004070955965
101.60331960084456 -4.217852064826827
102.45156180056726 -4.109548052568551
103.30688560778287 -4.055396046439412
104.1693501437715 -4.001244040310274
105.03901502339136 -3.9470920341811366
105.91594035919906 -3.8929400280519975
106.80018676560523 -3.7846360157937218
107.69181536306395 -3.7304840096645844
108.59088778229766 -3.676332003535445
109.49746616855671 -3.5680279912771695
110.41161318591564 -3.5138759851480312
111.33339202160414 -3.459723979018894
112.26286639037477 -3.3514199667606173
113.20010053890712 -3.297267960631479
114.14515925024823 -3.2431159545023416
115.09810784829111 -3.1889639483732024
116.05901220228962 -3.0806599361149267
117.02793873141168 -3.0265079299857884
118.00495440932976 -2.972355923856651
118.99012676885091 -2.918203917727512
119.98352390658432 -2.8640519115983745
120.98521448764846 -2.755747899340099
121.99526775041677 -2.755747899340099
123.01375351130437 -2.647443887081822
124.04074216959333 -2.593291880952684
125.07630471229884 -2.5391398748235456
126.12051271907619 -2.430835862565269
127.17343836716785 -2.430835862565269
128.2351544363933 -2.3225318503069934
129.30573431417912 -2.3225318503069934
130.38525200063194 -2.214227838048717
131.47378211365293 -2.214227838048717
132.5713998940962 -2.105923825790441
133.67818121096914 -2.105923825790441
134.7942025666767 -1.9976198135321646
135.9195411023094 -1.9976198135321646
137.0542746029751 -1.889315801273888
138.19848150317623 -1.889315801273888
139.35224089223084 -1.7810117890156132
140.51563251973968 -1.7810117890156132
141.688736801098 -1.6727077767573366
142.8716348230549 -1.6727077767573366
144.06440834931752 -1.6185557706281983
145.26713982620282 -1.56440376449906
146.47991238833666 -1.5102517583699218
147.7028098643994 -1.4560997522407835
148.93591678292137 -1.4560997522407835
150.1793183781249 -1.4019477461116452
151.43310059581606 -1.3477957399825087
152.69735009932495 -1.2936437338533704
153.9721542754968 -1.239491727724232
155.25760124073162 -1.1853397215950938
156.55377984707522 -1.1853397215950938
157.8607796883609 -1.1311877154659555
159.17869110640163 -1.0770357093368172
160.50760519723565 -1.0770357093368172
161.84761381742243 -1.022883703207679
163.1988095903924 -0.9687316970785407
164.56128591284838 -0.9145796909494024
165.9351369612225 -0.8604276848202659
167.32045769818495 -0.8604276848202659
168.71734387920844 -0.8062756786911276
170.12589205918624 -0.7521236725619893
171.5461995991071 -0.7521236725619893
172.97836467278455 -0.697971666432851
174.42248627364273 -0.6438196603037127
175.87866422155935 -0.6438196603037127
177.34699916976456 -0.5896676541745745
178.82759261179942 -0.5355156480454362
180.3205468885304 -0.5355156480454362
181.82596519522374 -0.5355156480454362
183.34395158867852 -0.4813636419162979
184.87461099441845 -0.4272116357871596
186.41804921394566 -0.4272116357871596
187.97437293205334 -0.3730596296580231
189.54368972419934 -0.3189076235288848
191.12610806394298 -0.3189076235288848
192.72173733044232 -0.3189076235288848
194.3306878160148 -0.21060361127060823
195.95307073376085 -0.21060361127060823
197.5889982252504 -0.21060361127060823
199.23858336827558 -0.21060361127060823
200.9019401846658 -0.21060361127060823
202.57918364816976 -0.21060361127060823
204.2704296924016 -0.21060361127060823
205.97579521885572 -0.21060361127060823
207.69539810498645 -0.21060361127060823
209.4293572123559 -0.21060361127060823
211.17779239485031 -0.21060361127060823
212.94082450696354 -0.2647556173997465
214.71857541215198 -0.2647556173997465
216.51116799125717 -0.2647556173997465
218.3187261509999 -0.3189076235288848
220.141374832544 -0.3189076235288848
221.97924002013363 -0.3189076235288848
223.83244874980082 -0.3189076235288848
225.70112911814647 -0.3189076235288848
227.58541029119493 -0.3189076235288848
229.48542251332108 -0.3189076235288848
231.40129711625457 -0.3189076235288848
233.3331665281566 -0.3189076235288848
235.2811642827741 -0.3189076235288848
237.24542502866885 -0.3730596296580231
239.22608453852595 -0.3730596296580231
241.22327971853778 -0.4272116357871596
243.23714861786726 -0.4272116357871596
245.26783043819046 -0.4272116357871596
247.31546554331723 -0.4272116357871596
249.38019546889498 -0.4272116357871596
251.46216293219086 -0.4272116357871596
253.561511841957 -0.4272116357871596
255.67838730837678 -0.4272116357871596
257.8129356530965 -0.5355156480454362
259.96530441933834 -0.5355156480454362
262.1356423820992 -0.5355156480454362
264.3240995584344 -0.5355156480454362
266.5308272178258 -0.5355156480454362
268.75597789263975 -0.5355156480454362
270.9997053886691 -0.5355156480454362
273.26216479576516 -0.5896676541745745
275.54351249855637 -0.6438196603037127
277.8439061872597 -0.6438196603037127
280.1635048685794 -0.6438196603037127
282.502468876698 -0.6438196603037127
284.860959884359 -0.6438196603037127
287.2391409140408 -0.6438196603037127
289.63717634922705 -0.697971666432851
292.0552319457681 -0.7521236725619893
294.4934748433372 -0.7521236725619893
296.9520735769854 -0.7521236725619893
299.43119808878987 -0.8062756786911276
301.93101973960063 -0.8062756786911276
304.4517113208854 -0.8604276848202659
306.9934470666735 -0.8604276848202659
309.5564026655979 -0.9145796909494024
312.14075527304095 -0.9145796909494024
314.7466835233784 -0.9145796909494024
317.3743675423276 -0.9687316970785407
320.0239889593966 -0.9687316970785407
322.6957309204407 -0.9687316970785407
325.3897781003205 -1.022883703207679
328.10631671566705 -1.022883703207679
330.84553453775413 -1.0770357093368172
333.6076209054756 -1.0770357093368172
336.3927667384348 -1.0770357093368172
339.2011645501405 -1.0770357093368172
342.0330084613125 -1.0770357093368172
344.88849421330144 -1.0770357093368172
347.7678191816178 -1.0770357093368172
350.67118238957477 -1.0770357093368172
353.5987845220454 -1.0770357093368172
356.5508279393331 -1.0770357093368172
359.52751669116094 -1.0770357093368172
362.52905653077477 -1.0770357093368172
365.5556549291655 -1.1311877154659555
368.60752108940864 -1.1311877154659555
371.6848659611269 -1.1311877154659555
374.78790225506975 -1.1311877154659555
377.916844457817 -1.1311877154659555
381.0719088466039 -1.1853397215950938
384.25331350427143 -1.1853397215950938
387.4612783343387 -1.1853397215950938
390.69602507620556 -1.1853397215950938
393.9577773204781 -1.1853397215950938
397.24676052442265 -1.1853397215950938
400.56320202755194 -1.1853397215950938
403.9073310673377 -1.1853397215950938
407.2793787950562 -1.1853397215950938
410.6795782917661 -1.1853397215950938
414.10816458441815 -1.1853397215950938
417.5653746621024 -1.1853397215950938
421.0514474924286 -1.1853397215950938
424.56662403804256 -1.1311877154659555
428.11114727328413 -1.1311877154659555
431.6852622009806 -1.1311877154659555
435.2892158693821 -1.1311877154659555
438.9232573892375 -1.0770357093368172
442.5876379510144 -1.0770357093368172
446.2826108422596 -1.0770357093368172
450.0084314651094 -1.0770357093368172
453.7653573539418 -1.0770357093368172
457.55364819317845 -1.0770357093368172
461.3735658352325 -1.0770357093368172
465.22537431861133 -1.0770357093368172
469.109339886165 -1.0770357093368172
473.02573100349025 -1.0770357093368172
476.97481837748734 -1.0770357093368172
480.9568749750701 -1.0770357093368172
484.97217604203655 -1.0770357093368172
489.020999122093 -0.9687316970785407
493.1036240760366 -0.9687316970785407
497.2203331011029 -0.9687316970785407
501.37141075046964 -0.9687316970785407
505.5571439529261 -0.9687316970785407
509.77782203270596 -0.9687316970785407
514.0337367294865 -0.9687316970785407
518.3251822185516 -0.9145796909494024
522.6524551311296 -0.8604276848202659
527.0158545748941 -0.8604276848202659
531.4156821546381 -0.8604276848202659
535.8522419931244 -0.8062756786911276
540.3258407521043 -0.8062756786911276
544.8367876535161 -0.7521236725619893
549.3853945008585 -0.7521236725619893
553.9719757007415 -0.7521236725619893
558.5968482846213 -0.697971666432851
563.2603319307125 -0.697971666432851
567.9627489860852 -0.6438196603037127
572.7044244889445 -0.6438196603037127
577.4856861911004 -0.5896676541745745
582.3068645806206 -0.5355156480454362
587.1682929046749 -0.5355156480454362
592.0703071925703 -0.5355156480454362
597.0132462789754 -0.5355156480454362
601.9974518273447 -0.4272116357871596
607.0232683535327 -0.4272116357871596
612.0910432496084 -0.4272116357871596
617.2011268078654 -0.4272116357871596
622.3538722450379 -0.4272116357871596
627.5496357267134 -0.3189076235288848
632.7887763919518 -0.3189076235288848
638.0716563781101 -0.3189076235288848
643.3986408458738 -0.3189076235288848
648.7700980044957 -0.3189076235288848
654.1863991372505 -0.21060361127060823
659.6479186270944 -0.21060361127060823
665.1550339825468 -0.21060361127060823
670.7081258637819 -0.21060361127060823
676.3075781089411 -0.21060361127060823
681.9537777606648 -0.21060361127060823
687.6471150928448 -0.15645160514146994
693.3879836376019 -0.10229959901233165
699.1767802124842 -0.10229959901233165
705.013904947901 -0.10229959901233165
710.8997613147743 -0.10229959901233165
716.8347561524329 -0.10229959901233165
722.8192996967302 -0.10229959901233165
728.853805608402 -0.10229959901233165
734.9386910016583 -0.04814759288319337
741.0743764730163 0.006004413245943141
747.2612861303694 0.006004413245943141
753.4998476223068 0.006004413245943141
759.7904921676701 0.006004413245943141
766.1336545853616 0.006004413245943141
772.529773324396 0.006004413245943141
778.9792904942123 0.06015641937508143
785.4826518952283 0.11430842550421971
792.0403070496578 0.11430842550421971
798.6527092325815 0.11430842550421971
805.3203155032758 0.11430842550421971
812.0435867368093 0.11430842550421971
818.8229876558971 0.11430842550421971
825.658986863024 0.11430842550421971
832.5520568728318 0.16846043163335978
839.5026741447856 0.16846043163335978
846.5113191161034 0.16846043163335978
853.5784762349663 0.22261243776249628
860.7046339940043 0.22261243776249628
867.8902849640591 0.22261243776249628
875.1359258282356 0.22261243776249628
882.4420574162317 0.22261243776249628
889.809184738953 0.22261243776249628
897.2378170234257 0.22261243776249628
904.7284677479913 0.22261243776249628
912.2816546778002 0.22261243776249628
919.8978999006004 0.27676444389163457
927.5777298628251 0.27676444389163457
935.3216754059792 0.27676444389163457
943.1302718033364 0.33091645002077286
951.0040587969355 0.33091645002077286
958.9435806348856 0.33091645002077286
966.9493861089908 0.33091645002077286
975.0220285926797 0.33091645002077286
983.1620660792566 0.33091645002077286
991.370061220472 0.33091645002077286
999.6465813654091 0.33091645002077286
1007.9921985997069 0.33091645002077286
1016.4074897850986 0.33091645002077286
1024.8930365992883 0.33091645002077286
1033.4494255761524 0.33091645002077286
1042.077248146288 0.33091645002077286
1050.77710067789 0.33091645002077286
1059.5495845179735 0.33091645002077286
1068.39530603394 0.33091645002077286
1077.3148766554898 0.33091645002077286
1086.308912916887 0.33091645002077286
1095.378036499572 0.33091645002077286
1104.5228742751344 0.33091645002077286
1113.7440583486455 0.33091645002077286
1123.0422261023484 0.33091645002077286
1132.4180202397145 0.33091645002077286
1141.8720888298687 0.33091645002077286
1151.4050853523865 0.33091645002077286
1161.0176687424582 0.38506845614991114
1170.7105034364422 0.38506845614991114
1180.4842594177896 0.38506845614991114
1190.33961226335 0.43922046227904943
1200.2772431900755 0.43922046227904943
1210.297839102103 0.43922046227904943
1220.402092638235 0.43922046227904943
1230.5907022198164 0.43922046227904943
1240.8643720990096 0.43922046227904943
1251.2238124074754 0.43922046227904943
1261.6697392054527 0.43922046227904943
1272.202874531264 0.43922046227904943
1282.823946451211 0.43922046227904943
1293.5336891099112 0.43922046227904943
1304.3328427810368 0.49337246840818594
1315.2221539184845 0.49337246840818594
1326.2023752079724 0.49337246840818594
1337.2742656190662 0.49337246840818594
1348.4385904576413 0.49337246840818594
1359.696121418778 0.49337246840818594
1371.0476366401097 0.49337246840818594
1382.4939207556 0.49337246840818594
1394.0357649497853 0.5475244745373242
1405.6739670124598 0.5475244745373242
1417.4093313938188 0.5475244745373242
1429.2426692600648 0.5475244745373242
1441.1747985494765 0.5475244745373242
1453.206544028947 0.5475244745373242
1465.338737350989 0.5475244745373242
1477.5722171112227 0.5475244745373242
1489.9078289063432 0.5475244745373242
1502.3464253925654 0.5475244745373242
1514.888866344563 0.5475244745373242
1527.536018714896 0.5475244745373242
1540.2887566939373 0.5475244745373242
1553.147961770299 0.5475244745373242
1566.114522791755 0.5475244745373242
1579.1893360266909 0.5475244745373242
1592.3733052260488 0.5475244745373242
1605.667341685793 0.5475244745373242
1619.0723643099072 0.5475244745373242
1632.5892996739074 0.5475244745373242
1646.2190820888868 0.5475244745373242
1659.962653666099 0.5475244745373242
1673.820964382078 0.5475244745373242
1687.794972144297 0.5475244745373242
1701.8856428573893 0.6016764806664625
1716.0939504899088 0.6016764806664625
1730.4208771416465 0.6558284867956026
1744.8674131115256 0.6558284867956026
1759.4345569660445 0.6558284867956026
1774.1233156083024 0.6558284867956026
1788.9347043475973 0.6558284867956026
1803.8697469696067 0.6558284867956026
1818.9294758071476 0.6558284867956026
1834.1149318115424 0.6558284867956026
1849.4271646245668 0.6558284867956026
1864.867232650996 0.7641324990538774
1880.4362031317744 0.7641324990538774
1896.1351522177788 0.7641324990538774
1911.965165044204 0.7641324990538774
1927.9273358055693 0.7641324990538774
1944.0227678313536 0.7641324990538774
1960.2525736622506 0.7641324990538774
1976.6178751270832 0.7641324990538774
1993.11980342033 0.7641324990538774
2009.7594991803305 0.8724365113121539
2026.5381125681172 0.8724365113121539
2043.4568033469209 0.8724365113121539
2060.516740962334 0.8724365113121539
2077.719104623145 0.8724365113121539
2095.0650833828486 0.9265885174412922
2112.555876221827 0.9807405235704287
2130.192692130238 0.9807405235704287
2147.9767501915744 0.9807405235704287
2165.909279666926 0.9807405235704287
2183.991520079957 1.0890445358287053
2202.2247213025767 1.0890445358287053
2220.610143641335 1.0890445358287053
2239.1490579245396 1.0890445358287053
2257.8427455900865 1.1431965419578454
2276.692498774052 1.1973485480869819
2295.6996203999897 1.1973485480869819
2314.865424269005 1.1973485480869819
2334.1912351505584 1.1973485480869819
2353.6783888740383 1.3056525603452585
2373.328232421096 1.3056525603452585
2393.142124018749 1.3056525603452585
2413.1214332332665 1.3056525603452585
2433.267541064836 1.413956572603535
2453.5818400430117 1.413956572603535
2474.065734322982 1.413956572603535
2494.7206397826208 1.4681085787326715
2515.547984120347 1.5222605848618098
2536.549206953823 1.5222605848618098
2557.7257599194554 1.576412590990948
2579.0791067727355 1.6305645971200882
2600.6107234894184 1.6305645971200882
2622.3220983675355 1.6847166032492247
2644.2147321302837 1.738868609378363
2666.2901380297476 1.738868609378363
2688.5498419514934 1.738868609378363
2710.9953825200523 1.7930206155075012
2733.628311205266 1.8471726216366395
2756.450192429526 1.8471726216366395
2779.462603675913 1.9013246277657778
2802.667135597222 1.9554766338949143
2826.0653921259363 2.0096286400240526
2849.658990585073 2.0096286400240526
2873.449561799966 2.063780646153191
2897.438750211022 2.117932652282331
2921.6282139873647 2.1720846584114675
2946.019625141454 2.2262366645406058
2970.61466964466 2.2262366645406058
2995.415047543798 2.3345406767988823
3020.422473078642 2.3345406767988823
3045.6386748004124 2.3886926829280206
3071.0653956912497 2.442844689057157
3096.704393284711 2.442844689057157
3122.557439787228 2.4969966951862954
3148.6263222006287 2.6053007074445738
3174.912842445643 2.6053007074445738
3201.4188174864576 2.6594527135737103
3228.1460794563127 2.7136047197028486
3255.0964757841257 2.7136047197028486
3282.2718693222105 2.767756725831987
3309.6741384750285 2.767756725831987
3337.305177329019 2.821908731961125
3365.166895783541 2.8760607380902634
3393.2612196828723 2.9302127442194
3421.5900909493344 2.984364750348538
3450.1554677175172 2.984364750348538
3478.959324469631 3.0385167564776765
3508.003652171985 3.0926687626068166
3537.2904584126113 3.146820768735953
3566.8217675400024 3.2009727748650914
3596.599620803094 3.2009727748650914
3626.6260764923113 3.309276787123368
3656.9032100818517 3.309276787123368
3687.4331143731583 3.363428793252506
3718.217899639566 3.4175807993816427
3749.25969377217 3.5258848116399193
3780.5606424269117 3.5258848116399193
3812.122909172875 3.634188823898196
3843.9486756418637 3.634188823898196
3876.040141679165 3.688340830027334
3908.399525495637 3.7424928361564724
3941.0290638210167 3.850796848414749
3973.9310120585315 3.850796848414749
4007.107644440794 3.959100860673024
4040.561254187008 3.959100860673024
4074.29415366146 4.067404872931302
4108.308674533382 4.067404872931302
4142.60716793809 4.175708885189577
4177.192004639524 4.229860891318715
4212.065575194103 4.2840128974478535
4247.230290115969 4.338164903576992
4282.688580043603 4.446468915835267
4318.442895907839 4.500620921964405
4354.495709101269 4.554772928093545
4390.849511649084 4.66307694035182
4427.506816381296 4.717228946480958
4464.470157106468 4.771380952610096
4501.742088786831 4.879684964868371
4539.3251877148805 4.879684964868371
4577.222051691478 4.987988977126648
4615.435300205394 5.096292989384924
4653.967574614384 5.096292989384924
4692.8215383277575 5.204597001643201
4731.999876990464 5.312901013901477
4771.50529866876 5.421205026159752
4811.340534037369 5.421205026159752
4851.508336568232 5.529509038418027
4892.0114827208445 5.637813050676305
4932.852772134162 5.637813050676305
4974.035027820111 5.746117062934582
5015.5610963587305 5.854421075192857
5057.43384809492 5.908573081321995
5099.656177336852 5.962725087451133
5142.231002556035 6.01687709358027
5185.161266589003 6.12518110583855
5228.449936840795 6.12518110583855
5272.100005490018 6.179333111967686
5316.114489695687 6.233485118096823
5360.496431805772 6.287637124225963
5405.248899567493 6.3417891303550995
5450.374986339369 6.39594113648424
5495.8778113050175 6.39594113648424
5541.760519688787 6.39594113648424
5588.026282973146 6.504245148742513
5634.6782991178825 6.504245148742513
5681.719792781184 6.504245148742513
5729.15401554251 6.504245148742513
5776.984246127353 6.504245148742513
5825.213790633872 6.504245148742513
5873.845982761394 6.504245148742513
5922.884184040877 6.504245148742513
5972.331784067249 6.504245148742513
6022.192200733683 6.504245148742513
6072.468880467883 6.504245148742513
6123.165298470281 6.450093142613376
6174.2849589542575 6.450093142613376
6225.8313953883535 6.3417891303550995
6277.8081707405145 6.287637124225963
6330.218877724361 6.12518110583855
6383.067139047538 6.07102909970941
6436.356607662089 5.908573081321995
6490.0909670169995 5.691965056805444
6544.273931312757 5.4753570322888905
6598.909245758117 5.1504449955140625
6654.000686828964 4.66307694035182
6709.552062529342 4.554772928093545
6765.567212654678 4.446468915835267
6822.050009057198 4.338164903576992
6879.0043559135265 4.229860891318715
6936.4341899946 4.121556879060439
6994.343480937727 4.013252866802162
7052.736231521019 3.7966448422856107
7111.616477940051 3.5800368177690594
7170.988290086845 3.471732805510781
7230.855771831196 3.4175807993816427
7291.22306130433 3.363428793252506
7352.094331184956 3.309276787123368
7413.473788987636 3.2009727748650914
7475.365677353704 3.0926687626068166
7537.774274344456 2.9302127442194
7600.703893736832 2.767756725831987
7664.15888532168 2.7136047197028486
7728.143635204355 2.6053007074445738
7792.662566107909 2.6053007074445738
7857.720137678801 2.6594527135737103
7923.3208467951445 2.767756725831987
7989.469227877551 2.8760607380902634
8056.169853202555 2.984364750348538
8123.427333218625 3.2551247809942296
8191.246316864907 3.4175807993816427
8259.631491892496 3.5800368177690594
8328.587585188523 3.688340830027334
8398.119363102842 3.7966448422856107
8468.231631777504 3.9049488545438855
8538.929237478967 3.959100860673024
8610.217066933079 4.121556879060439
8682.10004766282 4.175708885189577
8754.58314832897 4.229860891318715
8827.67137907347 4.229860891318715
8901.369791865802 4.2840128974478535
8975.683480852147 4.229860891318715
9050.617582707511 4.229860891318715
9126.177276990777 4.175708885189577
9202.367786502728 4.121556879060439
9279.194377647053 4.013252866802162
9356.66236079439 3.9049488545438855
9434.777090649297 3.7966448422856107
9513.543966620535 3.688340830027334
9592.968433194152 3.5800368177690594
9673.05598030984 3.4175807993816427
9753.812143740455 3.2551247809942296
9835.242505474615 3.0926687626068166
9917.352694102552 2.9302127442194
10000.148385205184 2.7136047197028486
10083.635301746337 2.6053007074445738
10167.819214468453 2.3886926829280206
10252.705942291386 2.2262366645406058
10338.30135271464 2.063780646153191
10424.61136222293 1.9013246277657778
10511.64193669515 1.7930206155075012
10599.399091816738 1.6847166032492247
10687.888893495488 1.6847166032492247
10777.117458280836 1.6847166032492247
10867.090953786646 1.7930206155075012
10957.815599117526 1.9013246277657778
11049.297665298696 2.063780646153191
11141.543475709484 2.1720846584114675
11234.559406520306 2.2262366645406058
11328.351887133536 2.280388670669744
11422.927400627854 2.2262366645406058
11518.292484206291 2.117932652282331
11614.45372964823 2.063780646153191
11711.417783764946 1.9554766338949143
11809.19134885907 1.7930206155075012
11907.78118318786 1.6847166032492247
12007.194101430347 1.5222605848618098
12107.436975158362 1.3056525603452585
12208.516733311528 1.0890445358287053
12310.440362676187 0.8724365113121539
12413.214908368342 0.7099804929247391
12516.847474320619 0.38506845614991114
12621.345223773315 0.22261243776249628
12726.715379769543 -0.04814759288319337
12832.965225654407 -0.21060361127060823
12940.102105578562 -0.4813636419162979
13048.133425005883 -0.697971666432851
13157.066651225101 -0.9687316970785407
13266.909313866247 -1.1853397215950938
13377.66900542087 -1.5102517583699218
13489.353381767034 -1.7810117890156132
13601.97016269839 -2.105923825790441
13715.52713245781 -2.3225318503069934
13830.032140275445 -2.593291880952684
13945.493100911275 -2.918203917727512
14061.917995202193 -3.2431159545023416
14179.314870613647 -3.622179997406308
14297.691841795895 -3.8929400280519975
14417.057091144909 -4.272004070955965
14537.418869367937 -4.651068113859931
14658.785496053828 -5.030132156763898
14781.165360248104 -5.409196199667864
14904.566921032712 -5.842412248700969
15028.998708110916 -6.275628297734074
15154.469322396746 -6.492236322250626
15280.987436609554 -6.762996352896317
15408.56179587347 -6.925452371283731
15537.20121832192 -7.25036440805856
15666.914595707021 -7.412820426445974
15797.710894014383 -7.629428450962526
15929.599154082714 -7.79188446934994
16062.588492228784 -8.008492493866493
