40.80324704999886 -11.173008831431478
41.14590265820662 -11.173008831431478
41.49143580372637 -11.173008831431478
41.83987065140697 -11.118198204139068
42.19123156902768 -11.118198204139068
42.54554312900242 -11.063387576846658
42.902830110098186 -11.008576949554246
43.26311749916791 -10.953766322261837
43.626430492897946 -10.844145067677015
43.99279449957026 -10.789334440384605
44.362235140839296 -10.734523813092196
44.73477825352377 -10.679713185799786
45.1104498914137 -10.624902558507374
45.48927632709242 -10.515281303922553
45.871284053773856 -10.460470676630143
46.256499787155484 -10.405660049337733
46.64495046728663 -10.350849422045322
47.03666326045242 -10.296038794752912
47.43166556107386 -10.18641754016809
47.82998499362349 -10.13160691287568
48.23164941455733 -10.07679628558327
48.636686914263116 -10.021985658290859
49.04512581902471 -9.96717503099845
49.45699469300308 -9.857553776413628
49.872322340234035 -9.802743149121218
50.29113780664256 -9.747932521828808
50.71347038207411 -9.693121894536398
51.13934960234309 -9.638311267243987
51.56880525129841 -9.583500639951577
52.00186736290631 -9.528690012659167
52.43856622335097 -9.419068758074346
52.878932373152445 -9.364258130781934
53.32299660930251 -9.309447503489526
53.77078998741852 -9.254636876197113
54.222343823915274 -9.199826248904703
54.677689698195024 -9.090204994319883
55.136859454856115 -9.035394367027472
55.59988520592 -8.980583739735062
56.06679933307687 -8.925773112442652
56.53763448995047 -8.870962485150242
57.012423604381596 -8.76134123056542
57.491199880730875 -8.706530603273011
57.97399680220107 -8.651719975980598
58.46084813317851 -8.59690934868819
58.9517879215946 -8.48728809410337
59.4468505013069 -8.432477466810957
59.94607049450011 -8.377666839518547
60.44948281410766 -8.322856212226137
60.95712266625304 -8.213234957641316
61.46902555271219 -8.158424330348906
61.98522727339621 -8.103613703056496
62.505763928854925 -8.048803075764086
63.03067192280178 -7.9939924484716745
63.559987964659626 -7.884371193886855
64.09374907212789 -7.884371193886855
64.63199257377163 -7.774749939302033
65.17475611163196 -7.719939312009622
65.72207764385853 -7.665128684717214
66.27399544736419 -7.555507430132391
66.83054812050193 -7.500696802839981
67.39177458576408 -7.445886175547571
67.95771409250455 -7.391075548255159
68.52840621968363 -7.3362649209627495
69.10389087863592 -7.28145429367034
69.68420831586161 -7.22664366637793
70.26939911584111 -7.1170224117931085
70.85950420387314 -7.062211784500699
71.45456484893717 -7.007401157208285
72.0546226665793 -6.897779902623466
72.65971962182269 -6.897779902623466
73.26989803210246 -6.788158648038644
73.88520057022518 -6.733348020746234
74.50567026735297 -6.678537393453825
75.13135051601321 -6.623726766161415
75.76228507313289 -6.568916138869003
76.39851806309893 -6.4592948842841835
77.04009398084408 -6.404484256991774
77.68705769495836 -6.349673629699362
78.33945445082728 -6.294863002406952
78.99732987379598 -6.2400523751145425
79.66072997235985 -6.130431120529721
80.3297011413824 -6.0756204932373095
81.00429016533977 -6.020809865944901
81.68454422159246 -5.911188611360078
82.37051088368497 -5.911188611360078
83.06223812467267 -5.801567356775259
83.7597743204767 -5.746756729482847
84.46316825326741 -5.691946102190437
85.17246911487565 -5.5823248476056175
85.88772651023326 -5.527514220313206
86.60899046084204 -5.472703593020796
87.33631140827191 -5.417892965728386
88.0697402176888 -5.363082338435973
88.80932818141177 -5.308271711143565
89.55512702249997 -5.253461083851153
90.3071888983702 -5.143839829266332
91.06556640444437 -5.089029201973922
91.83031257782767 -5.034218574681512
92.60148090101791 -4.924597320096691
93.37912530564577 -4.924597320096691
94.16330017624632 -4.814976065511871
94.95406035406268 -4.760165438219461
95.75146114088122 -4.70535481092705
96.55555830289892 -4.65054418363464
97.3664080746237 -4.59573355634223
98.1840671628069 -4.486112301757409
99.00859275040925 -4.431301674464997
99.84004250059988 -4.376491047172589
100.6784745607889 -4.321680419880176
101.5239475666942 -4.212059165295356
102.37652064644173 -4.157248538002946
103.23625342470122 -4.102437910710535
104.10320602685535 -4.047627283418125
104.97743908320494 -3.992816656125715
105.85901373320948 -3.883195401540892
106.74799162976221 -3.828384774248484
107.64443494350218 -3.773574146956072
108.54840636716244 -3.6639528923712525
109.45996911995388 -3.609142265078841
110.37918695198668 -3.554331637786433
111.3061241487291 -3.4447103832016097
112.24084553550253 -3.3898997559092017
113.18341648201547 -3.33508912861679
114.13390290693546 -3.2802785013243785
115.09237128249836 -3.170657246739559
116.05888863915754 -3.1158466194471472
117.03352257027188 -3.0610359921547357
118.01634123683233 -3.0062253648623276
119.00741337222898 -2.951414737569916
120.00680828705838 -2.8417934829850964
121.01459587397001 -2.8417934829850964
122.0308466125547 -2.7321722284002767
123.05563157427338 -2.677361601107865
124.08902242742796 -2.6225509738154535
125.13109144217273 -2.512929719230634
126.1819114955689 -2.512929719230634
127.24155607668163 -2.4033084646458107
128.31009929171876 -2.4033084646458107
129.38761586921382 -2.2936872100609946
130.4741811652525 -2.2936872100609946
131.5698711687419 -2.1840659554761714
132.6747625067253 -2.1840659554761714
133.7889324497413 -2.074444700891352
134.91245891722713 -2.074444700891352
136.04542048296815 -1.9648234463065286
137.1878963805935 -1.9648234463065286
138.33996650911627 -1.855202191721709
139.50171143852188 -1.855202191721709
140.67321241540296 -1.7455809371368893
141.8545513686406 -1.7455809371368893
143.04581091513447 -1.6907703098444777
144.24707436558094 -1.6359596825520661
145.4584257302987 -1.581149055259658
146.67994972510448 -1.5263384279672465
147.9117317772375 -1.5263384279672465
149.15385803133415 -1.471527800674835
150.40641535545197 -1.4167171733824233
151.6694913471449 -1.3619065460900153
152.94317433959006 -1.3070959187976037
154.22755340776433 -1.2522852915051956
155.52271837467427 -1.2522852915051956
156.8287598176384 -1.197474664212784
158.14576907462072 -1.1426640369203724
159.473838250619 -1.1426640369203724
160.81306022410647 -1.0878534096279644
162.1635286535264 -1.0330427823355528
163.5253379838427 -0.9782321550431412
164.89858345314508 -0.9234215277507332
166.28336109930893 -0.9234215277507332
167.67976776671196 -0.8686109004583216
169.08790111300763 -0.81380027316591
170.50785961595372 -0.81380027316591
171.93974258029996 -0.7589896458734984
173.38365014473348 -0.7041790185810903
174.83968328888082 -0.7041790185810903
176.30794384037048 -0.6493683912886823
177.78853448195494 -0.5945577639962671
179.28155875869047 -0.5945577639962671
180.7871210851792 -0.5945577639962671
182.305326752872 -0.5397471367038591
183.83628193743067 -0.4849365094114475
185.38009370615416 -0.4849365094114475
186.93687002546673 -0.43012588211903946
188.50671976846746 -0.37531525482662786
190.08975272254492 -0.37531525482662786
191.68607959705557 -0.37531525482662786
193.2958120310653 -0.2656940002418082
194.9190626011573 -0.2656940002418082
196.55594482930567 -0.2656940002418082
198.20657319081357 -0.2656940002418082
199.8710631223195 -0.2656940002418082
201.5495310298709 -0.2656940002418082
203.24209429706403 -0.2656940002418082
204.94887129325357 -0.2656940002418082
206.66998138183146 -0.2656940002418082
208.4055449285734 -0.2656940002418082
210.15568331005713 -0.2656940002418082
211.9205189221517 -0.32050462753421627
213.70017518857577 -0.32050462753421627
215.4947765695302 -0.32050462753421627
217.30444857040166 -0.37531525482662786
219.12931775054085 -0.37531525482662786
220.969511732112 -0.37531525482662786
222.8251592090188 -0.37531525482662786
224.6963899559053 -0.37531525482662786
226.5833348372303 -0.37531525482662786
228.48612581642007 -0.37531525482662786
230.40489596509795 -0.37531525482662786
232.33977947238918 -0.37531525482662786
234.29091165430623 -0.37531525482662786
236.2584289632128 -0.43012588211903946
238.2424689973651 -0.43012588211903946
240.24317051053572 -0.4849365094114475
242.2606734217178 -0.4849365094114475
244.29511882490905 -0.4849365094114475
246.3466489989797 -0.4849365094114475
248.4154074176237 -0.4849365094114475
250.50153875939085 -0.4849365094114475
252.6051889178058 -0.4849365094114475
254.72650501157185 -0.4849365094114475
256.865635394858 -0.5945577639962671
259.0227296676751 -0.5945577639962671
261.1979386863387 -0.5945577639962671
263.39141457401786 -0.5945577639962671
265.6033107313746 -0.5945577639962671
267.8337818472916 -0.5945577639962671
270.0829839096917 -0.5945577639962671
272.35107421644466 -0.6493683912886823
274.6382113863692 -0.7041790185810903
276.9445553703267 -0.7041790185810903
279.27026746240534 -0.7041790185810903
281.61551031120143 -0.7041790185810903
283.98044793119493 -0.7041790185810903
286.3652457142181 -0.7041790185810903
288.77007044102294 -0.7589896458734984
291.19509029294613 -0.81380027316591
293.64047486366877 -0.81380027316591
296.10639517107785 -0.81380027316591
298.5930236692273 -0.8686109004583216
301.1005342603969 -0.8686109004583216
303.62910230725475 -0.9234215277507332
306.1789046451223 -0.9234215277507332
308.75011959433976 -0.9782321550431412
311.34292697273725 -0.9782321550431412
313.9575081082118 -0.9782321550431412
316.5940458514065 -1.0330427823355528
319.252724588499 -1.0330427823355528
321.9337302540976 -1.0330427823355528
324.63725034424255 -1.0878534096279644
327.36347392951967 -1.0878534096279644
330.1125916682839 -1.1426640369203724
332.8847958199912 -1.1426640369203724
335.6802802586448 -1.1426640369203724
338.4992404863552 -1.1426640369203724
341.3418736470102 -1.1426640369203724
344.20837854006356 -1.1426640369203724
347.0989556344388 -1.1426640369203724
350.01380708254703 -1.1426640369203724
352.95313673442536 -1.1426640369203724
355.91715015199435 -1.1426640369203724
358.90605462343194 -1.1426640369203724
361.9200591776709 -1.1426640369203724
364.95937459901864 -1.197474664212784
368.02421344189605 -1.197474664212784
371.11479004570367 -1.197474664212784
374.23132054981266 -1.197474664212784
377.37402290867806 -1.197474664212784
380.5431169070828 -1.2522852915051956
383.73882417550925 -1.2522852915051956
386.961368205637 -1.2522852915051956
390.21097436597336 -1.2522852915051956
393.4878699176162 -1.2522852915051956
396.7922840301448 -1.2522852915051956
400.12444779764843 -1.2522852915051956
403.4845942548872 -1.2522852915051956
406.8729583935908 -1.2522852915051956
410.28977717889046 -1.2522852915051956
413.7352895658919 -1.2522852915051956
417.20973651638843 -1.2522852915051956
420.7133610157097 -1.2522852915051956
424.24640808971617 -1.197474664212784
427.8091248219365 -1.197474664212784
431.4017603708445 -1.197474664212784
435.0245659872855 -1.197474664212784
438.6777950320486 -1.1426640369203724
442.36170299358326 -1.1426640369203724
446.07654750586784 -1.1426640369203724
449.82258836642865 -1.1426640369203724
453.6000875545062 -1.1426640369203724
457.4093092493786 -1.1426640369203724
461.25051984883595 -1.1426640369203724
465.1239879878125 -1.1426640369203724
469.0299845571713 -1.1426640369203724
472.9687827226499 -1.1426640369203724
476.94065794396596 -1.1426640369203724
480.94588799407825 -1.1426640369203724
484.98475297861455 -1.1426640369203724
489.05753535546205 -1.0330427823355528
493.16451995451814 -1.0330427823355528
497.3059939976115 -1.0330427823355528
501.48224711859035 -1.0330427823355528
505.69357138357515 -1.0330427823355528
509.9402613113854 -1.0330427823355528
514.2226138941389 -1.0330427823355528
518.5409286180181 -0.9782321550431412
522.895507484217 -0.9234215277507332
527.2866550300623 -0.9234215277507332
531.7146783503089 -0.9234215277507332
536.1798871186173 -0.8686109004583216
540.6825936092131 -0.8686109004583216
545.2231127187218 -0.81380027316591
549.8017619881937 -0.81380027316591
554.4188616253115 -0.81380027316591
559.0747345267818 -0.7589896458734984
563.7697063009182 -0.7589896458734984
568.504105290414 -0.7041790185810903
573.2782625953023 -0.7041790185810903
578.0925120961119 -0.6493683912886823
582.9471904772205 -0.5945577639962671
587.8426372503958 -0.5945577639962671
592.779194778542 -0.5945577639962671
597.757208299644 -0.5945577639962671
602.7770259509089 -0.4849365094114475
607.8389987931135 -0.4849365094114475
612.9434808351591 -0.4849365094114475
618.0908290588239 -0.4849365094114475
623.2814034437322 -0.4849365094114475
628.5155669925274 -0.37531525482662786
633.7936857562617 -0.37531525482662786
639.1161288599919 -0.37531525482662786
644.483268528596 -0.37531525482662786
649.8954801128065 -0.37531525482662786
655.3531421154571 -0.2656940002418082
660.8566362179549 -0.2656940002418082
666.4063473069752 -0.2656940002418082
672.002663501375 -0.2656940002418082
677.6459761793373 -0.2656940002418082
683.336680005745 -0.2656940002418082
689.0751729597773 -0.21088337294939663
694.8618563627443 -0.15607274565698503
700.6971349061556 -0.15607274565698503
706.5814166800183 -0.15607274565698503
712.5151132013784 -0.15607274565698503
718.4986394431036 -0.15607274565698503
724.5324138628981 -0.15607274565698503
730.6168584325718 -0.15607274565698503
736.7523986675512 -0.10126211836457699
742.9394636566348 -0.046451491072165396
749.1784860920027 -0.046451491072165396
755.4699022994795 -0.046451491072165396
761.8141522690444 -0.046451491072165396
768.2116796856038 -0.046451491072165396
774.6629319600231 -0.046451491072165396
781.1683602604112 0.0083591362202462
787.7284195436756 0.06316976351265424
794.3435685873424 0.06316976351265424
801.0142700216353 0.06316976351265424
807.7409903618332 0.06316976351265424
814.5242000408972 0.06316976351265424
821.3643734423663 0.06316976351265424
828.2619889335353 0.06316976351265424
835.2175288989122 0.11798039080506584
842.2314797739484 0.11798039080506584
849.3043320790616 0.11798039080506584
856.4365804539377 0.17279101809747743
863.6287236921276 0.17279101809747743
870.8812647759247 0.17279101809747743
878.1947109115438 0.17279101809747743
885.569573564595 0.17279101809747743
893.0063684958477 0.17279101809747743
900.5056157973034 0.17279101809747743
908.0678399285705 0.17279101809747743
915.693569753537 0.17279101809747743
923.3833385773597 0.22760164538988548
931.1376841837634 0.22760164538988548
938.957148872645 0.22760164538988548
946.8422794980023 0.2824122726822935
954.7936275061811 0.2824122726822935
962.8117489744346 0.2824122726822935
970.8972046498159 0.2824122726822935
979.0505599883962 0.2824122726822935
987.2723851948049 0.2824122726822935
995.5632552621087 0.2824122726822935
1003.9237500120275 0.2824122726822935
1012.3544541354785 0.2824122726822935
1020.8559572334684 0.2824122726822935
1029.4288538583312 0.2824122726822935
1038.0737435553015 0.2824122726822935
1046.7912309044473 0.2824122726822935
1055.5819255629535 0.2824122726822935
1064.4464423077534 0.2824122726822935
1073.3854010785246 0.2824122726822935
1082.399427021049 0.2824122726822935
1091.4891505309251 0.2824122726822935
1100.6552072976583 0.2824122726822935
1109.8982383491211 0.2824122726822935
1119.2188900963765 0.2824122726822935
1128.6178143788886 0.2824122726822935
1138.0956685101114 0.2824122726822935
1147.6531153234525 0.2824122726822935
1157.2908232186305 0.2824122726822935
1167.0094662084248 0.33722289997470867
1176.8097239658 0.33722289997470867
1186.6922818714531 0.33722289997470867
1196.6578310617401 0.39203352726712026
1206.7070684770022 0.39203352726712026
1216.8406969103203 0.39203352726712026
1227.0594250566592 0.39203352726712026
1237.3639675624215 0.39203352726712026
1247.7550450754416 0.39203352726712026
1258.233384295377 0.39203352726712026
1268.7997180245213 0.39203352726712026
1279.4547852190701 0.39203352726712026
1290.1993310407897 0.39203352726712026
1301.034106909124 0.39203352726712026
1311.9598705537596 0.4468441545595283
1322.9773860676107 0.4468441545595283
1334.087423960247 0.4468441545595283
1345.2907612117958 0.4468441545595283
1356.588181327272 0.4468441545595283
1367.980474391364 0.4468441545595283
1379.468437123705 0.4468441545595283
1391.0528729345833 0.4468441545595283
1402.7345919811205 0.5016547818519399
1414.514411223946 0.5016547818519399
1426.393154484323 0.5016547818519399
1438.3716525017549 0.5016547818519399
1450.450742992098 0.5016547818519399
1462.631270706141 0.5016547818519399
1474.9140874886718 0.5016547818519399
1487.3000523380701 0.5016547818519399
1499.7900314663723 0.5016547818519399
1512.38489835984 0.5016547818519399
1525.0855338400675 0.5016547818519399
1537.8928261255705 0.5016547818519399
1550.8076708938966 0.5016547818519399
1563.8309713442823 0.5016547818519399
1576.963638260803 0.5016547818519399
1590.2065900760745 0.5016547818519399
1603.5607529354875 0.5016547818519399
1617.0270607619686 0.5016547818519399
1630.6064553212993 0.5016547818519399
1644.299886287982 0.5016547818519399
1658.1083113116474 0.5016547818519399
1672.032696084031 0.5016547818519399
1686.0740144065146 0.5016547818519399
1700.2332482582192 0.5016547818519399
1714.5113878646837 0.5564654091443479
1728.909431767123 0.5564654091443479
1743.4283868922482 0.6112760364367595
1758.0692686226944 0.6112760364367595
1772.833100868034 0.6112760364367595
1787.7209161363742 0.6112760364367595
1802.733755606571 0.6112760364367595
1817.8726692010491 0.6112760364367595
1833.1387156592175 0.6112760364367595
1848.532962611517 0.6112760364367595
1864.056486654094 0.6112760364367595
1879.7103734240702 0.7208972910215827
1895.4957176754917 0.7208972910215827
1911.4136233558793 0.7208972910215827
1927.4652036834207 0.7208972910215827
1943.6515812248479 0.7208972910215827
1959.9738879739311 0.7208972910215827
1976.4332654306336 0.7208972910215827
1993.030864680965 0.7208972910215827
2009.7678464774704 0.7208972910215827
2026.6453813204043 0.8305185456064024
2043.6646495395933 0.8305185456064024
2060.826841376991 0.8305185456064024
2078.1331570698962 0.8305185456064024
2095.5848069349177 0.8305185456064024
2113.183011452595 0.885329172898814
2130.9290013527707 0.940139800191222
2148.824017700644 0.940139800191222
2166.869311983586 0.940139800191222
2185.066146198633 0.940139800191222
2203.415792940778 1.0497610547760416
2221.9195354919407 1.0497610547760416
2240.578667910736 1.0497610547760416
2259.3944951229546 1.0497610547760416
2278.368333012844 1.1045716820684532
2297.501508515106 1.1593823093608648
2316.79535970773 1.1593823093608648
2336.251235905542 1.1593823093608648
2355.870497754592 1.1593823093608648
2375.6545173272893 1.2690035639456845
2395.6046782183817 1.2690035639456845
2415.7223756416865 1.2690035639456845
2436.009016527701 1.2690035639456845
2456.466019621965 1.3786248185305041
2477.094815584304 1.3786248185305041
2497.8968470888635 1.3786248185305041
2518.873568925014 1.4334354458229157
2540.026448099085 1.4882460731153238
2561.356963936973 1.4882460731153238
2582.866608187579 1.543056700407739
2604.5568851271446 1.5978673277001505
2626.42931166446 1.5978673277001505
2648.485417446933 1.6526779549925585
2670.726744967573 1.7074885822849666
2693.1548496728747 1.7074885822849666
2715.7713000715794 1.7074885822849666
2738.5776778443797 1.7622992095773782
2761.5755779545393 1.8171098368697898
2784.7666087594225 1.8171098368697898
2808.152392122982 1.8719204641621978
2831.734563529193 1.9267310914546059
2855.514772196413 1.981541718747021
2879.494681192729 1.981541718747021
2903.6759675522712 2.0363523460394326
2928.0603223924822 2.0911629733318406
2952.64945103239 2.1459736006242522
2977.4450731118845 2.2007842279166603
3002.448922711945 2.2007842279166603
3027.662748475956 2.31040548250148
3053.088313731972 2.31040548250148
3078.7273966160374 2.365216109793895
3104.581790196544 2.420026737086303
3130.6533025996423 2.420026737086303
3156.9437571356593 2.4748373643787147
3183.4549924266507 2.5844586189635343
3210.1888625349634 2.5844586189635343
3237.1472370928973 2.6392692462559424
3264.3320014334627 2.694079873548354
3291.745056722245 2.694079873548354
3319.388320090326 2.7488905008407656
3347.263724768402 2.7488905008407656
3375.3732202219608 2.803701128133177
3403.718772287614 2.8585117554255888
3432.3023633105827 2.913322382717997
3461.1259922833506 2.9681330100104084
3490.1916749854213 2.9681330100104084
3519.50144412434 3.0229436373028165
3549.0573494778246 3.077754264595228
3578.861458037113 3.132564891887636
3608.915854151527 3.1873755191800512
3639.2226396742544 3.1873755191800512
3669.7839341093013 3.296996773764871
3700.601874759769 3.296996773764871
3731.678616877299 3.351807401057279
3763.0163338127977 3.4066180283496905
3794.6172171684398 3.51623928293451
3826.483476950935 3.51623928293451
3858.61734172608 3.6258605375193333
3891.0210587746265 3.6258605375193333
3923.696894249435 3.680671164811745
3956.647133333951 3.735481792104153
3989.874080402032 3.8451030466889726
4023.3800591790978 3.8451030466889726
4057.1674129046382 3.9547243012737923
4091.2385044960984 3.9547243012737923
4125.595716714125 4.0643455558586155
4160.241452329178 4.0643455558586155
4195.178134289619 4.173966810443439
4230.408205891115 4.228777437735847
4265.93413094753 4.283588065028255
4301.758393963237 4.338398692320666
4337.883500306867 4.4480199469054895
4374.311976386493 4.502830574197901
4411.046369826375 4.557641201490309
4448.089249645069 4.667262456075129
4485.44320643512 4.72207308336754
4523.11085254424 4.776883710659948
4561.094822257994 4.886504965244775
4599.397771984002 4.886504965244775
4638.022380437774 4.996126219829591
4676.97134882999 5.1057474744144145
4716.247401055437 5.1057474744144145
4755.853283883502 5.2153687289992305
4795.791767150273 5.324989983584057
4836.065643952208 5.434611238168877
4876.677730841535 5.434611238168877
4917.630868023173 5.544232492753697
4958.927919553382 5.65385374733852
5000.57177354007 5.65385374733852
5042.56534234477 5.763475001923339
5084.911562786275 5.873096256508159
5127.613396346096 5.927906883800567
5170.673829375517 5.982717511092979
5214.095873304459 6.03752813838539
5257.882564852109 6.1471493929702135
5302.036966239254 6.1471493929702135
5346.562165402459 6.2019600202626215
5391.461276210033 6.256770647555033
5436.737438679768 6.311581274847441
5482.393819198551 6.366391902139853
5528.43361074382 6.421202529432261
5574.860033106837 6.421202529432261
5621.676333117876 6.421202529432261
5668.885784873307 6.5308237840170875
5716.491689964536 6.5308237840170875
5764.497377708923 6.5308237840170875
5812.906205382628 6.5308237840170875
5861.721558455375 6.5308237840170875
5910.946850827224 6.5308237840170875
5960.585525067346 6.5308237840170875
6010.64105265474 6.5308237840170875
6061.116934221037 6.5308237840170875
6112.016699795302 6.5308237840170875
6163.343909050934 6.5308237840170875
6215.102151554563 6.476013156724676
6267.29504701715 6.476013156724676
6319.92624554705 6.366391902139853
6372.999427905373 6.311581274847441
6426.518305763327 6.1471493929702135
6480.486621961819 6.092338765677802
6534.908150773225 5.927906883800567
6589.78669816534 5.708664374630928
6645.126102067491 5.489421865461285
6700.930232639042 5.1605581017068225
6757.20299253997 4.667262456075129
6813.948317203833 4.557641201490309
6871.170175112999 4.4480199469054895
6928.872568076181 4.338398692320666
6987.059531508253 4.228777437735847
7045.735134712559 4.119156183151027
7104.903481165416 4.009534928566207
7164.568708803131 3.7902924193965646
7224.734990311385 3.571049910226918
7285.406533417061 3.461428655642102
7346.587581182452 3.4066180283496905
7408.282412302065 3.351807401057279
7470.4953414018455 3.296996773764871
7533.230719340872 3.1873755191800512
7596.492933515705 3.077754264595228
7660.286408167123 2.913322382717997
7724.615604689644 2.7488905008407656
7789.485021943437 2.694079873548354
7854.899196569021 2.5844586189635343
7920.862703304472 2.5844586189635343
7987.380155305429 2.6392692462559424
8054.456204467618 2.7488905008407656
8122.095541752294 2.8585117554255888
8190.302897514208 2.9681330100104084
8259.083041832497 3.242186146472463
8328.440784844213 3.4066180283496905
8398.380977080795 3.571049910226918
8468.90850980719 3.680671164811745
8540.028315364041 3.7902924193965646
8611.74536751253 3.899913673981384
8684.06468178229 3.9547243012737923
8756.991315822108 4.119156183151027
8830.530369753695 4.173966810443439
8904.686986528266 4.228777437735847
8979.466352286337 4.228777437735847
9054.873696720308 4.283588065028255
9130.91429344028 4.228777437735847
9207.593460342798 4.228777437735847
9284.916559982837 4.173966810443439
9362.88899994872 4.119156183151027
9441.516233240427 4.009534928566207
9520.803758650853 3.899913673981384
9600.757121150398 3.7902924193965646
9681.381912274788 3.680671164811745
9762.683770516054 3.571049910226918
9844.668381716896 3.4066180283496905
9927.341479468349 3.242186146472463
10010.708845510695 3.077754264595228
10094.776310137857 2.913322382717997
10179.549752605162 2.694079873548354
10265.035101540401 2.5844586189635343
10351.238335358585 2.365216109793895
10438.165482679957 2.2007842279166603
10525.82262275165 2.0363523460394326
10614.21588587275 1.8719204641621978
10703.35145382317 1.7622992095773782
10793.235560295798 1.6526779549925585
10883.874491332603 1.6526779549925585
10975.274585764168 1.6526779549925585
11067.442235653027 1.7622992095773782
11160.383886740618 1.8719204641621978
11254.106038898213 2.0363523460394326
11348.615246581312 2.1459736006242522
11443.918119288182 2.2007842279166603
11540.021322022005 2.255594855209072
11636.931575757042 2.2007842279166603
11734.655657908563 2.0911629733318406
11833.200402807002 2.0363523460394326
11932.572702175712 1.9267310914546059
12032.779505613118 1.7622992095773782
12133.827821078632 1.6526779549925585
12235.724715382805 1.4882460731153238
12338.477314681446 1.2690035639456845
12442.092804974167 1.0497610547760416
12546.57843260673 0.8305185456064024
12651.941504777995 0.6660866637291676
12758.189390050857 0.33722289997470867
12865.329518867607 0.17279101809747743
12973.369384069481 -0.10126211836457699
13082.316541420852 -0.2656940002418082
13192.178610137438 -0.5397471367038591
13302.963273419327 -0.7589896458734984
13414.678278988202 -1.0330427823355528
13527.33143962923 -1.2522852915051956
13640.930633737336 -1.581149055259658
13755.483805868382 -1.855202191721709
13870.99896729453 -2.1840659554761714
13987.48419656472 -2.4033084646458107
14104.947640069524 -2.677361601107865
14223.397512610924 -3.0062253648623276
14342.842097976692 -3.33508912861679
14463.289749519934 -3.718763519663664
14584.748890743029 -3.992816656125715
14707.22801588694 -4.376491047172589
14830.73569052518 -4.760165438219461
14955.280552162738 -5.143839829266332
15080.871310840335 -5.527514220313206
15207.516749743465 -5.965999238652488
15335.22572581656 -6.404484256991774
15464.00717038257 -6.623726766161415
15593.870089767508 -6.897779902623466
15724.823565930184 -7.062211784500699
15856.876757097594 -7.391075548255159
15990.038898405137 -7.555507430132391
16124.319302542697 -7.774749939302033
16259.727360405797 -7.939181821179265
16396.272541752423 -8.158424330348906
